2017-09-26 14:32:33,771 INFO 10257 [egg-logrotator] app logger reload: got log-reload message
2017-09-26 14:32:33,772 INFO 10257 [egg-schedule]: get message egg-schedule:/Users/apple/siguang.liu/Example/food/food_node/node_modules/egg-logrotator/app/schedule/clean_log.js
2017-09-26 14:32:33,777 INFO 10257 [egg-logrotator] clean all log before 31 days
2017-09-26 14:32:33,777 INFO 10257 [egg-schedule] egg-schedule:/Users/apple/siguang.liu/Example/food/food_node/node_modules/egg-logrotator/app/schedule/clean_log.js excute succeed, used 5ms
2017-09-26 14:48:09,953 INFO 14806 [egg:logger] init all loggers with options: {"dir":"/Users/apple/siguang.liu/Example/food/food_node/logs/food_node","encoding":"utf8","env":"local","level":"INFO","consoleLevel":"INFO","disableConsoleAfterReady":false,"outputJSON":false,"buffer":true,"appLogName":"food_node-web.log","coreLogName":"egg-web.log","agentLogName":"egg-agent.log","errorLogName":"common-error.log","coreLogger":{"consoleLevel":"WARN"},"type":"application"}
2017-09-26 14:48:09,996 INFO 14806 [egg-schedule]: register schedule egg-schedule:/Users/apple/siguang.liu/Example/food/food_node/node_modules/egg-logrotator/app/schedule/clean_log.js
2017-09-26 14:48:09,996 INFO 14806 [egg-schedule]: register schedule egg-schedule:/Users/apple/siguang.liu/Example/food/food_node/node_modules/egg-logrotator/app/schedule/rotate_by_file.js
2017-09-26 14:48:10,334 INFO 14806 [egg-mongoose] connecting mongodb://127.0.0.1:27017/food_node_database
2017-09-26 14:48:10,465 INFO 14806 [egg-static] starting static serve /public/ -> /Users/apple/siguang.liu/Example/food/food_node/app/public
2017-09-26 14:48:10,470 INFO 14806 [egg-security] use methodnoallow middleware
2017-09-26 14:48:10,471 INFO 14806 [egg-security] use noopen middleware
2017-09-26 14:48:10,471 INFO 14806 [egg-security] use nosniff middleware
2017-09-26 14:48:10,472 INFO 14806 [egg-security] use xssProtection middleware
2017-09-26 14:48:10,473 INFO 14806 [egg-security] use xframe middleware
2017-09-26 14:48:10,474 INFO 14806 [egg-security] use dta middleware
2017-09-26 14:48:10,475 INFO 14806 [egg-security] compose 6 middlewares into one security middleware
2017-09-26 14:48:10,502 INFO 14806 [egg-mongoose] starting...
2017-09-26 14:48:10,563 INFO 14806 [egg-mongoose] mongodb://127.0.0.1:27017/food_node_database connected successfully
2017-09-26 14:48:10,567 INFO 14806 [egg-mongoose] start successfully and server status is ok
2017-09-26 14:48:10,582 INFO 14806 [egg-watcher:app] watcher start success
2017-09-26 14:48:25,600 INFO 14809 [egg:logger] init all loggers with options: {"dir":"/Users/apple/siguang.liu/Example/food/food_node/logs/food_node","encoding":"utf8","env":"local","level":"INFO","consoleLevel":"INFO","disableConsoleAfterReady":false,"outputJSON":false,"buffer":true,"appLogName":"food_node-web.log","coreLogName":"egg-web.log","agentLogName":"egg-agent.log","errorLogName":"common-error.log","coreLogger":{"consoleLevel":"WARN"},"type":"application"}
2017-09-26 14:48:25,640 INFO 14809 [egg-schedule]: register schedule egg-schedule:/Users/apple/siguang.liu/Example/food/food_node/node_modules/egg-logrotator/app/schedule/clean_log.js
2017-09-26 14:48:25,641 INFO 14809 [egg-schedule]: register schedule egg-schedule:/Users/apple/siguang.liu/Example/food/food_node/node_modules/egg-logrotator/app/schedule/rotate_by_file.js
2017-09-26 14:48:25,962 INFO 14809 [egg-mongoose] connecting mongodb://127.0.0.1:27017/food_node_database
2017-09-26 14:48:26,035 INFO 14809 [egg-static] starting static serve /public/ -> /Users/apple/siguang.liu/Example/food/food_node/app/public
2017-09-26 14:48:26,038 INFO 14809 [egg-security] use methodnoallow middleware
2017-09-26 14:48:26,039 INFO 14809 [egg-security] use noopen middleware
2017-09-26 14:48:26,039 INFO 14809 [egg-security] use nosniff middleware
2017-09-26 14:48:26,040 INFO 14809 [egg-security] use xssProtection middleware
2017-09-26 14:48:26,041 INFO 14809 [egg-security] use xframe middleware
2017-09-26 14:48:26,041 INFO 14809 [egg-security] use dta middleware
2017-09-26 14:48:26,041 INFO 14809 [egg-security] compose 6 middlewares into one security middleware
2017-09-26 14:48:26,057 INFO 14809 [egg-mongoose] starting...
2017-09-26 14:48:26,081 INFO 14809 [egg-mongoose] mongodb://127.0.0.1:27017/food_node_database connected successfully
2017-09-26 14:48:26,083 INFO 14809 [egg-mongoose] start successfully and server status is ok
2017-09-26 14:48:26,092 INFO 14809 [egg-watcher:app] watcher start success
2017-09-26 14:49:56,517 INFO 14826 [egg:logger] init all loggers with options: {"dir":"/Users/apple/siguang.liu/Example/food/food_node/logs/food_node","encoding":"utf8","env":"local","level":"INFO","consoleLevel":"INFO","disableConsoleAfterReady":false,"outputJSON":false,"buffer":true,"appLogName":"food_node-web.log","coreLogName":"egg-web.log","agentLogName":"egg-agent.log","errorLogName":"common-error.log","coreLogger":{"consoleLevel":"WARN"},"type":"application"}
2017-09-26 14:49:56,553 INFO 14826 [egg-schedule]: register schedule egg-schedule:/Users/apple/siguang.liu/Example/food/food_node/node_modules/egg-logrotator/app/schedule/clean_log.js
2017-09-26 14:49:56,553 INFO 14826 [egg-schedule]: register schedule egg-schedule:/Users/apple/siguang.liu/Example/food/food_node/node_modules/egg-logrotator/app/schedule/rotate_by_file.js
2017-09-26 14:49:56,836 INFO 14826 [egg-mongoose] connecting mongodb://127.0.0.1:27017/food_node_database
2017-09-26 14:49:56,905 INFO 14826 [egg-static] starting static serve /public/ -> /Users/apple/siguang.liu/Example/food/food_node/app/public
2017-09-26 14:49:56,909 INFO 14826 [egg-security] use methodnoallow middleware
2017-09-26 14:49:56,910 INFO 14826 [egg-security] use noopen middleware
2017-09-26 14:49:56,911 INFO 14826 [egg-security] use nosniff middleware
2017-09-26 14:49:56,912 INFO 14826 [egg-security] use xssProtection middleware
2017-09-26 14:49:56,913 INFO 14826 [egg-security] use xframe middleware
2017-09-26 14:49:56,914 INFO 14826 [egg-security] use dta middleware
2017-09-26 14:49:56,914 INFO 14826 [egg-security] compose 6 middlewares into one security middleware
2017-09-26 14:49:56,929 INFO 14826 [egg-mongoose] starting...
2017-09-26 14:49:56,953 INFO 14826 [egg-mongoose] mongodb://127.0.0.1:27017/food_node_database connected successfully
2017-09-26 14:49:56,955 INFO 14826 [egg-mongoose] start successfully and server status is ok
2017-09-26 14:49:56,963 INFO 14826 [egg-watcher:app] watcher start success
2017-09-26 14:49:58,216 INFO 14827 [egg:logger] init all loggers with options: {"dir":"/Users/apple/siguang.liu/Example/food/food_node/logs/food_node","encoding":"utf8","env":"local","level":"INFO","consoleLevel":"INFO","disableConsoleAfterReady":false,"outputJSON":false,"buffer":true,"appLogName":"food_node-web.log","coreLogName":"egg-web.log","agentLogName":"egg-agent.log","errorLogName":"common-error.log","coreLogger":{"consoleLevel":"WARN"},"type":"application"}
2017-09-26 14:49:58,249 INFO 14827 [egg-schedule]: register schedule egg-schedule:/Users/apple/siguang.liu/Example/food/food_node/node_modules/egg-logrotator/app/schedule/clean_log.js
2017-09-26 14:49:58,249 INFO 14827 [egg-schedule]: register schedule egg-schedule:/Users/apple/siguang.liu/Example/food/food_node/node_modules/egg-logrotator/app/schedule/rotate_by_file.js
2017-09-26 14:49:58,462 INFO 14827 [egg-mongoose] connecting mongodb://127.0.0.1:27017/food_node_database
2017-09-26 14:49:58,523 INFO 14827 [egg-static] starting static serve /public/ -> /Users/apple/siguang.liu/Example/food/food_node/app/public
2017-09-26 14:49:58,525 INFO 14827 [egg-security] use methodnoallow middleware
2017-09-26 14:49:58,525 INFO 14827 [egg-security] use noopen middleware
2017-09-26 14:49:58,526 INFO 14827 [egg-security] use nosniff middleware
2017-09-26 14:49:58,526 INFO 14827 [egg-security] use xssProtection middleware
2017-09-26 14:49:58,526 INFO 14827 [egg-security] use xframe middleware
2017-09-26 14:49:58,526 INFO 14827 [egg-security] use dta middleware
2017-09-26 14:49:58,526 INFO 14827 [egg-security] compose 6 middlewares into one security middleware
2017-09-26 14:49:58,541 INFO 14827 [egg-mongoose] starting...
2017-09-26 14:49:58,562 INFO 14827 [egg-mongoose] mongodb://127.0.0.1:27017/food_node_database connected successfully
2017-09-26 14:49:58,564 INFO 14827 [egg-mongoose] start successfully and server status is ok
2017-09-26 14:49:58,573 INFO 14827 [egg-watcher:app] watcher start success
2017-09-26 14:54:41,924 INFO 14904 [egg:logger] init all loggers with options: {"dir":"/Users/apple/siguang.liu/Example/food/food_node/logs/food_node","encoding":"utf8","env":"local","level":"INFO","consoleLevel":"INFO","disableConsoleAfterReady":false,"outputJSON":false,"buffer":true,"appLogName":"food_node-web.log","coreLogName":"egg-web.log","agentLogName":"egg-agent.log","errorLogName":"common-error.log","coreLogger":{"consoleLevel":"WARN"},"type":"application"}
2017-09-26 14:54:41,963 INFO 14904 [egg-schedule]: register schedule egg-schedule:/Users/apple/siguang.liu/Example/food/food_node/node_modules/egg-logrotator/app/schedule/clean_log.js
2017-09-26 14:54:41,963 INFO 14904 [egg-schedule]: register schedule egg-schedule:/Users/apple/siguang.liu/Example/food/food_node/node_modules/egg-logrotator/app/schedule/rotate_by_file.js
2017-09-26 14:54:42,322 INFO 14904 [egg-mongoose] connecting mongodb://127.0.0.1:27017/food_node_database
2017-09-26 14:54:42,410 INFO 14904 [egg-static] starting static serve /public/ -> /Users/apple/siguang.liu/Example/food/food_node/app/public
2017-09-26 14:54:42,413 INFO 14904 [egg-security] use methodnoallow middleware
2017-09-26 14:54:42,413 INFO 14904 [egg-security] use noopen middleware
2017-09-26 14:54:42,414 INFO 14904 [egg-security] use nosniff middleware
2017-09-26 14:54:42,414 INFO 14904 [egg-security] use xssProtection middleware
2017-09-26 14:54:42,415 INFO 14904 [egg-security] use xframe middleware
2017-09-26 14:54:42,416 INFO 14904 [egg-security] use dta middleware
2017-09-26 14:54:42,416 INFO 14904 [egg-security] compose 6 middlewares into one security middleware
2017-09-26 14:54:42,440 INFO 14904 [egg-mongoose] starting...
2017-09-26 14:54:42,474 INFO 14904 [egg-mongoose] mongodb://127.0.0.1:27017/food_node_database connected successfully
2017-09-26 14:54:42,476 INFO 14904 [egg-mongoose] start successfully and server status is ok
2017-09-26 14:54:42,484 INFO 14904 [egg-watcher:app] watcher start success
2017-09-26 14:55:41,646 INFO 14913 [egg:logger] init all loggers with options: {"dir":"/Users/apple/siguang.liu/Example/food/food_node/logs/food_node","encoding":"utf8","env":"local","level":"INFO","consoleLevel":"INFO","disableConsoleAfterReady":false,"outputJSON":false,"buffer":true,"appLogName":"food_node-web.log","coreLogName":"egg-web.log","agentLogName":"egg-agent.log","errorLogName":"common-error.log","coreLogger":{"consoleLevel":"WARN"},"type":"application"}
2017-09-26 14:55:41,681 INFO 14913 [egg-schedule]: register schedule egg-schedule:/Users/apple/siguang.liu/Example/food/food_node/node_modules/egg-logrotator/app/schedule/clean_log.js
2017-09-26 14:55:41,681 INFO 14913 [egg-schedule]: register schedule egg-schedule:/Users/apple/siguang.liu/Example/food/food_node/node_modules/egg-logrotator/app/schedule/rotate_by_file.js
2017-09-26 14:55:41,886 INFO 14913 [egg-mongoose] connecting mongodb://127.0.0.1:27017/food_node_database
2017-09-26 14:55:41,945 INFO 14913 [egg-static] starting static serve /public/ -> /Users/apple/siguang.liu/Example/food/food_node/app/public
2017-09-26 14:55:41,948 INFO 14913 [egg-security] use methodnoallow middleware
2017-09-26 14:55:41,949 INFO 14913 [egg-security] use noopen middleware
2017-09-26 14:55:41,949 INFO 14913 [egg-security] use nosniff middleware
2017-09-26 14:55:41,949 INFO 14913 [egg-security] use xssProtection middleware
2017-09-26 14:55:41,950 INFO 14913 [egg-security] use xframe middleware
2017-09-26 14:55:41,950 INFO 14913 [egg-security] use dta middleware
2017-09-26 14:55:41,950 INFO 14913 [egg-security] compose 6 middlewares into one security middleware
2017-09-26 14:55:41,965 INFO 14913 [egg-mongoose] starting...
2017-09-26 14:55:41,989 INFO 14913 [egg-mongoose] mongodb://127.0.0.1:27017/food_node_database connected successfully
2017-09-26 14:55:41,990 INFO 14913 [egg-mongoose] start successfully and server status is ok
2017-09-26 14:55:41,998 INFO 14913 [egg-watcher:app] watcher start success
2017-09-26 14:55:54,067 INFO 14916 [egg:logger] init all loggers with options: {"dir":"/Users/apple/siguang.liu/Example/food/food_node/logs/food_node","encoding":"utf8","env":"local","level":"INFO","consoleLevel":"INFO","disableConsoleAfterReady":false,"outputJSON":false,"buffer":true,"appLogName":"food_node-web.log","coreLogName":"egg-web.log","agentLogName":"egg-agent.log","errorLogName":"common-error.log","coreLogger":{"consoleLevel":"WARN"},"type":"application"}
2017-09-26 14:55:54,103 INFO 14916 [egg-schedule]: register schedule egg-schedule:/Users/apple/siguang.liu/Example/food/food_node/node_modules/egg-logrotator/app/schedule/clean_log.js
2017-09-26 14:55:54,103 INFO 14916 [egg-schedule]: register schedule egg-schedule:/Users/apple/siguang.liu/Example/food/food_node/node_modules/egg-logrotator/app/schedule/rotate_by_file.js
2017-09-26 14:55:54,405 INFO 14916 [egg-mongoose] connecting mongodb://127.0.0.1:27017/food_node_database
2017-09-26 14:55:54,516 INFO 14916 [egg-static] starting static serve /public/ -> /Users/apple/siguang.liu/Example/food/food_node/app/public
2017-09-26 14:55:54,519 INFO 14916 [egg-security] use methodnoallow middleware
2017-09-26 14:55:54,519 INFO 14916 [egg-security] use noopen middleware
2017-09-26 14:55:54,520 INFO 14916 [egg-security] use nosniff middleware
2017-09-26 14:55:54,520 INFO 14916 [egg-security] use xssProtection middleware
2017-09-26 14:55:54,521 INFO 14916 [egg-security] use xframe middleware
2017-09-26 14:55:54,522 INFO 14916 [egg-security] use dta middleware
2017-09-26 14:55:54,522 INFO 14916 [egg-security] compose 6 middlewares into one security middleware
2017-09-26 14:55:54,547 INFO 14916 [egg-mongoose] starting...
2017-09-26 14:55:54,573 INFO 14916 [egg-mongoose] mongodb://127.0.0.1:27017/food_node_database connected successfully
2017-09-26 14:55:54,575 INFO 14916 [egg-mongoose] start successfully and server status is ok
2017-09-26 14:55:54,585 INFO 14916 [egg-watcher:app] watcher start success
2017-09-26 14:56:01,939 INFO 14919 [egg:logger] init all loggers with options: {"dir":"/Users/apple/siguang.liu/Example/food/food_node/logs/food_node","encoding":"utf8","env":"local","level":"INFO","consoleLevel":"INFO","disableConsoleAfterReady":false,"outputJSON":false,"buffer":true,"appLogName":"food_node-web.log","coreLogName":"egg-web.log","agentLogName":"egg-agent.log","errorLogName":"common-error.log","coreLogger":{"consoleLevel":"WARN"},"type":"application"}
2017-09-26 14:56:01,968 INFO 14919 [egg-schedule]: register schedule egg-schedule:/Users/apple/siguang.liu/Example/food/food_node/node_modules/egg-logrotator/app/schedule/clean_log.js
2017-09-26 14:56:01,968 INFO 14919 [egg-schedule]: register schedule egg-schedule:/Users/apple/siguang.liu/Example/food/food_node/node_modules/egg-logrotator/app/schedule/rotate_by_file.js
2017-09-26 14:56:02,246 INFO 14919 [egg-mongoose] connecting mongodb://127.0.0.1:27017/food_node_database
2017-09-26 14:56:02,336 INFO 14919 [egg-static] starting static serve /public/ -> /Users/apple/siguang.liu/Example/food/food_node/app/public
2017-09-26 14:56:02,341 INFO 14919 [egg-security] use methodnoallow middleware
2017-09-26 14:56:02,342 INFO 14919 [egg-security] use noopen middleware
2017-09-26 14:56:02,342 INFO 14919 [egg-security] use nosniff middleware
2017-09-26 14:56:02,343 INFO 14919 [egg-security] use xssProtection middleware
2017-09-26 14:56:02,345 INFO 14919 [egg-security] use xframe middleware
2017-09-26 14:56:02,345 INFO 14919 [egg-security] use dta middleware
2017-09-26 14:56:02,345 INFO 14919 [egg-security] compose 6 middlewares into one security middleware
2017-09-26 14:56:02,375 INFO 14919 [egg-mongoose] starting...
2017-09-26 14:56:02,416 INFO 14919 [egg-mongoose] mongodb://127.0.0.1:27017/food_node_database connected successfully
2017-09-26 14:56:02,418 INFO 14919 [egg-mongoose] start successfully and server status is ok
2017-09-26 14:56:02,428 INFO 14919 [egg-watcher:app] watcher start success
2017-09-26 14:56:45,998 INFO 14931 [egg:logger] init all loggers with options: {"dir":"/Users/apple/siguang.liu/Example/food/food_node/logs/food_node","encoding":"utf8","env":"local","level":"INFO","consoleLevel":"INFO","disableConsoleAfterReady":false,"outputJSON":false,"buffer":true,"appLogName":"food_node-web.log","coreLogName":"egg-web.log","agentLogName":"egg-agent.log","errorLogName":"common-error.log","coreLogger":{"consoleLevel":"WARN"},"type":"application"}
2017-09-26 14:56:46,033 INFO 14931 [egg-schedule]: register schedule egg-schedule:/Users/apple/siguang.liu/Example/food/food_node/node_modules/egg-logrotator/app/schedule/clean_log.js
2017-09-26 14:56:46,034 INFO 14931 [egg-schedule]: register schedule egg-schedule:/Users/apple/siguang.liu/Example/food/food_node/node_modules/egg-logrotator/app/schedule/rotate_by_file.js
2017-09-26 14:56:46,334 INFO 14931 [egg-mongoose] connecting mongodb://127.0.0.1:27017/food_node_database
2017-09-26 14:56:46,416 INFO 14931 [egg-static] starting static serve /public/ -> /Users/apple/siguang.liu/Example/food/food_node/app/public
2017-09-26 14:56:46,421 INFO 14931 [egg-security] use methodnoallow middleware
2017-09-26 14:56:46,423 INFO 14931 [egg-security] use noopen middleware
2017-09-26 14:56:46,423 INFO 14931 [egg-security] use nosniff middleware
2017-09-26 14:56:46,424 INFO 14931 [egg-security] use xssProtection middleware
2017-09-26 14:56:46,425 INFO 14931 [egg-security] use xframe middleware
2017-09-26 14:56:46,426 INFO 14931 [egg-security] use dta middleware
2017-09-26 14:56:46,426 INFO 14931 [egg-security] compose 6 middlewares into one security middleware
2017-09-26 14:56:46,444 INFO 14931 [egg-mongoose] starting...
2017-09-26 14:56:46,468 INFO 14931 [egg-mongoose] mongodb://127.0.0.1:27017/food_node_database connected successfully
2017-09-26 14:56:46,470 INFO 14931 [egg-mongoose] start successfully and server status is ok
2017-09-26 14:56:46,481 INFO 14931 [egg-watcher:app] watcher start success
2017-09-26 14:58:56,840 INFO 14974 [egg:logger] init all loggers with options: {"dir":"/Users/apple/siguang.liu/Example/food/food_node/logs/food_node","encoding":"utf8","env":"local","level":"INFO","consoleLevel":"INFO","disableConsoleAfterReady":false,"outputJSON":false,"buffer":true,"appLogName":"food_node-web.log","coreLogName":"egg-web.log","agentLogName":"egg-agent.log","errorLogName":"common-error.log","coreLogger":{"consoleLevel":"WARN"},"type":"application"}
2017-09-26 14:58:56,873 INFO 14974 [egg-schedule]: register schedule egg-schedule:/Users/apple/siguang.liu/Example/food/food_node/node_modules/egg-logrotator/app/schedule/clean_log.js
2017-09-26 14:58:56,873 INFO 14974 [egg-schedule]: register schedule egg-schedule:/Users/apple/siguang.liu/Example/food/food_node/node_modules/egg-logrotator/app/schedule/rotate_by_file.js
2017-09-26 14:58:57,110 INFO 14974 [egg-mongoose] connecting mongodb://127.0.0.1:27017/food_node_database
2017-09-26 14:58:57,195 INFO 14974 [egg-static] starting static serve /public/ -> /Users/apple/siguang.liu/Example/food/food_node/app/public
2017-09-26 14:58:57,198 INFO 14974 [egg-security] use methodnoallow middleware
2017-09-26 14:58:57,198 INFO 14974 [egg-security] use noopen middleware
2017-09-26 14:58:57,199 INFO 14974 [egg-security] use nosniff middleware
2017-09-26 14:58:57,199 INFO 14974 [egg-security] use xssProtection middleware
2017-09-26 14:58:57,200 INFO 14974 [egg-security] use xframe middleware
2017-09-26 14:58:57,201 INFO 14974 [egg-security] use dta middleware
2017-09-26 14:58:57,201 INFO 14974 [egg-security] compose 6 middlewares into one security middleware
2017-09-26 14:58:57,217 INFO 14974 [egg-mongoose] starting...
2017-09-26 14:58:57,241 INFO 14974 [egg-mongoose] mongodb://127.0.0.1:27017/food_node_database connected successfully
2017-09-26 14:58:57,242 INFO 14974 [egg-mongoose] start successfully and server status is ok
2017-09-26 14:58:57,251 INFO 14974 [egg-watcher:app] watcher start success
2017-09-26 14:59:04,759 INFO 14975 [egg:logger] init all loggers with options: {"dir":"/Users/apple/siguang.liu/Example/food/food_node/logs/food_node","encoding":"utf8","env":"local","level":"INFO","consoleLevel":"INFO","disableConsoleAfterReady":false,"outputJSON":false,"buffer":true,"appLogName":"food_node-web.log","coreLogName":"egg-web.log","agentLogName":"egg-agent.log","errorLogName":"common-error.log","coreLogger":{"consoleLevel":"WARN"},"type":"application"}
2017-09-26 14:59:04,794 INFO 14975 [egg-schedule]: register schedule egg-schedule:/Users/apple/siguang.liu/Example/food/food_node/node_modules/egg-logrotator/app/schedule/clean_log.js
2017-09-26 14:59:04,794 INFO 14975 [egg-schedule]: register schedule egg-schedule:/Users/apple/siguang.liu/Example/food/food_node/node_modules/egg-logrotator/app/schedule/rotate_by_file.js
2017-09-26 14:59:05,071 INFO 14975 [egg-mongoose] connecting mongodb://127.0.0.1:27017/food_node_database
2017-09-26 14:59:05,152 INFO 14975 [egg-static] starting static serve /public/ -> /Users/apple/siguang.liu/Example/food/food_node/app/public
2017-09-26 14:59:05,156 INFO 14975 [egg-security] use methodnoallow middleware
2017-09-26 14:59:05,157 INFO 14975 [egg-security] use noopen middleware
2017-09-26 14:59:05,158 INFO 14975 [egg-security] use nosniff middleware
2017-09-26 14:59:05,158 INFO 14975 [egg-security] use xssProtection middleware
2017-09-26 14:59:05,159 INFO 14975 [egg-security] use xframe middleware
2017-09-26 14:59:05,159 INFO 14975 [egg-security] use dta middleware
2017-09-26 14:59:05,159 INFO 14975 [egg-security] compose 6 middlewares into one security middleware
2017-09-26 14:59:05,178 INFO 14975 [egg-mongoose] starting...
2017-09-26 14:59:05,201 INFO 14975 [egg-mongoose] mongodb://127.0.0.1:27017/food_node_database connected successfully
2017-09-26 14:59:05,202 INFO 14975 [egg-mongoose] start successfully and server status is ok
2017-09-26 14:59:05,210 INFO 14975 [egg-watcher:app] watcher start success
2017-09-26 14:59:42,966 INFO 14982 [egg:logger] init all loggers with options: {"dir":"/Users/apple/siguang.liu/Example/food/food_node/logs/food_node","encoding":"utf8","env":"local","level":"INFO","consoleLevel":"INFO","disableConsoleAfterReady":false,"outputJSON":false,"buffer":true,"appLogName":"food_node-web.log","coreLogName":"egg-web.log","agentLogName":"egg-agent.log","errorLogName":"common-error.log","coreLogger":{"consoleLevel":"WARN"},"type":"application"}
2017-09-26 14:59:43,008 INFO 14982 [egg-schedule]: register schedule egg-schedule:/Users/apple/siguang.liu/Example/food/food_node/node_modules/egg-logrotator/app/schedule/clean_log.js
2017-09-26 14:59:43,009 INFO 14982 [egg-schedule]: register schedule egg-schedule:/Users/apple/siguang.liu/Example/food/food_node/node_modules/egg-logrotator/app/schedule/rotate_by_file.js
2017-09-26 14:59:43,307 INFO 14982 [egg-mongoose] connecting mongodb://127.0.0.1:27017/food_node_database
2017-09-26 14:59:43,384 INFO 14982 [egg-static] starting static serve /public/ -> /Users/apple/siguang.liu/Example/food/food_node/app/public
2017-09-26 14:59:43,386 INFO 14982 [egg-security] use methodnoallow middleware
2017-09-26 14:59:43,387 INFO 14982 [egg-security] use noopen middleware
2017-09-26 14:59:43,388 INFO 14982 [egg-security] use nosniff middleware
2017-09-26 14:59:43,389 INFO 14982 [egg-security] use xssProtection middleware
2017-09-26 14:59:43,389 INFO 14982 [egg-security] use xframe middleware
2017-09-26 14:59:43,390 INFO 14982 [egg-security] use dta middleware
2017-09-26 14:59:43,390 INFO 14982 [egg-security] compose 6 middlewares into one security middleware
2017-09-26 14:59:43,408 INFO 14982 [egg-mongoose] starting...
2017-09-26 14:59:43,436 INFO 14982 [egg-mongoose] mongodb://127.0.0.1:27017/food_node_database connected successfully
2017-09-26 14:59:43,438 INFO 14982 [egg-mongoose] start successfully and server status is ok
2017-09-26 14:59:43,445 INFO 14982 [egg-watcher:app] watcher start success
2017-09-26 14:59:49,279 INFO 14984 [egg:logger] init all loggers with options: {"dir":"/Users/apple/siguang.liu/Example/food/food_node/logs/food_node","encoding":"utf8","env":"local","level":"INFO","consoleLevel":"INFO","disableConsoleAfterReady":false,"outputJSON":false,"buffer":true,"appLogName":"food_node-web.log","coreLogName":"egg-web.log","agentLogName":"egg-agent.log","errorLogName":"common-error.log","coreLogger":{"consoleLevel":"WARN"},"type":"application"}
2017-09-26 14:59:49,313 INFO 14984 [egg-schedule]: register schedule egg-schedule:/Users/apple/siguang.liu/Example/food/food_node/node_modules/egg-logrotator/app/schedule/clean_log.js
2017-09-26 14:59:49,313 INFO 14984 [egg-schedule]: register schedule egg-schedule:/Users/apple/siguang.liu/Example/food/food_node/node_modules/egg-logrotator/app/schedule/rotate_by_file.js
2017-09-26 14:59:49,547 INFO 14984 [egg-mongoose] connecting mongodb://127.0.0.1:27017/food_node_database
2017-09-26 14:59:49,606 INFO 14984 [egg-static] starting static serve /public/ -> /Users/apple/siguang.liu/Example/food/food_node/app/public
2017-09-26 14:59:49,608 INFO 14984 [egg-security] use methodnoallow middleware
2017-09-26 14:59:49,609 INFO 14984 [egg-security] use noopen middleware
2017-09-26 14:59:49,609 INFO 14984 [egg-security] use nosniff middleware
2017-09-26 14:59:49,610 INFO 14984 [egg-security] use xssProtection middleware
2017-09-26 14:59:49,610 INFO 14984 [egg-security] use xframe middleware
2017-09-26 14:59:49,611 INFO 14984 [egg-security] use dta middleware
2017-09-26 14:59:49,611 INFO 14984 [egg-security] compose 6 middlewares into one security middleware
2017-09-26 14:59:49,629 INFO 14984 [egg-mongoose] starting...
2017-09-26 14:59:49,655 INFO 14984 [egg-mongoose] mongodb://127.0.0.1:27017/food_node_database connected successfully
2017-09-26 14:59:49,656 INFO 14984 [egg-mongoose] start successfully and server status is ok
2017-09-26 14:59:49,665 INFO 14984 [egg-watcher:app] watcher start success
2017-09-26 15:00:07,515 INFO 15001 [egg:logger] init all loggers with options: {"dir":"/Users/apple/siguang.liu/Example/food/food_node/logs/food_node","encoding":"utf8","env":"local","level":"INFO","consoleLevel":"INFO","disableConsoleAfterReady":false,"outputJSON":false,"buffer":true,"appLogName":"food_node-web.log","coreLogName":"egg-web.log","agentLogName":"egg-agent.log","errorLogName":"common-error.log","coreLogger":{"consoleLevel":"WARN"},"type":"application"}
2017-09-26 15:00:07,552 INFO 15001 [egg-schedule]: register schedule egg-schedule:/Users/apple/siguang.liu/Example/food/food_node/node_modules/egg-logrotator/app/schedule/clean_log.js
2017-09-26 15:00:07,552 INFO 15001 [egg-schedule]: register schedule egg-schedule:/Users/apple/siguang.liu/Example/food/food_node/node_modules/egg-logrotator/app/schedule/rotate_by_file.js
2017-09-26 15:00:07,922 INFO 15001 [egg-mongoose] connecting mongodb://127.0.0.1:27017/food_node_database
2017-09-26 15:00:08,011 INFO 15001 [egg-static] starting static serve /public/ -> /Users/apple/siguang.liu/Example/food/food_node/app/public
2017-09-26 15:00:08,013 INFO 15001 [egg-security] use methodnoallow middleware
2017-09-26 15:00:08,014 INFO 15001 [egg-security] use noopen middleware
2017-09-26 15:00:08,014 INFO 15001 [egg-security] use nosniff middleware
2017-09-26 15:00:08,015 INFO 15001 [egg-security] use xssProtection middleware
2017-09-26 15:00:08,016 INFO 15001 [egg-security] use xframe middleware
2017-09-26 15:00:08,017 INFO 15001 [egg-security] use dta middleware
2017-09-26 15:00:08,017 INFO 15001 [egg-security] compose 6 middlewares into one security middleware
2017-09-26 15:00:08,044 INFO 15001 [egg-mongoose] starting...
2017-09-26 15:00:08,087 INFO 15001 [egg-mongoose] mongodb://127.0.0.1:27017/food_node_database connected successfully
2017-09-26 15:00:08,088 INFO 15001 [egg-mongoose] start successfully and server status is ok
2017-09-26 15:00:08,097 INFO 15001 [egg-watcher:app] watcher start success
2017-09-26 16:41:04,711 INFO 16469 [egg:logger] init all loggers with options: {"dir":"/Users/apple/siguang.liu/Example/food/food_node/logs/food_node","encoding":"utf8","env":"local","level":"INFO","consoleLevel":"INFO","disableConsoleAfterReady":false,"outputJSON":false,"buffer":true,"appLogName":"food_node-web.log","coreLogName":"egg-web.log","agentLogName":"egg-agent.log","errorLogName":"common-error.log","coreLogger":{"consoleLevel":"WARN"},"type":"application"}
2017-09-26 16:41:04,749 INFO 16469 [egg-schedule]: register schedule egg-schedule:/Users/apple/siguang.liu/Example/food/food_node/node_modules/egg-logrotator/app/schedule/clean_log.js
2017-09-26 16:41:04,749 INFO 16469 [egg-schedule]: register schedule egg-schedule:/Users/apple/siguang.liu/Example/food/food_node/node_modules/egg-logrotator/app/schedule/rotate_by_file.js
2017-09-26 16:41:05,065 INFO 16469 [egg-mongoose] connecting mongodb://127.0.0.1:27017/food_node_database
2017-09-26 16:41:05,170 INFO 16469 [egg-static] starting static serve /public/ -> /Users/apple/siguang.liu/Example/food/food_node/app/public
2017-09-26 16:41:05,176 INFO 16469 [egg-security] use methodnoallow middleware
2017-09-26 16:41:05,177 INFO 16469 [egg-security] use noopen middleware
2017-09-26 16:41:05,178 INFO 16469 [egg-security] use nosniff middleware
2017-09-26 16:41:05,179 INFO 16469 [egg-security] use xssProtection middleware
2017-09-26 16:41:05,180 INFO 16469 [egg-security] use xframe middleware
2017-09-26 16:41:05,181 INFO 16469 [egg-security] use dta middleware
2017-09-26 16:41:05,181 INFO 16469 [egg-security] compose 6 middlewares into one security middleware
2017-09-26 16:41:05,215 INFO 16469 [egg-mongoose] starting...
2017-09-26 16:41:05,244 INFO 16469 [egg-mongoose] mongodb://127.0.0.1:27017/food_node_database connected successfully
2017-09-26 16:41:05,245 INFO 16469 [egg-mongoose] start successfully and server status is ok
2017-09-26 16:41:05,260 INFO 16469 [egg-watcher:app] watcher start success
